features/nfirex/impl/build/intermediates/manifest_merge_blame_file/debug/processDebugManifest/manifest-merger-blame-debug-report.txt
1<?xml version="1.0" encoding="utf-8"?>
2<manifest xmlns:android="http://schemas.android.com/apk/res/android"
3    xmlns:tools="http://schemas.android.com/tools"
4    package="com.nfirex.impl" >
5
6    <uses-sdk android:minSdkVersion="24" />
7
8    <application>
8-->src\main\AndroidManifest.xml:4:5-16:19
9        <provider
9-->src\main\AndroidManifest.xml:5:9-15:20
10            android:name="androidx.startup.InitializationProvider"
10-->src\main\AndroidManifest.xml:6:13-67
11            android:authorities="${applicationId}.androidx-startup"
11-->src\main\AndroidManifest.xml:7:13-68
12            android:exported="false"
12-->src\main\AndroidManifest.xml:8:13-37
13            tools:node="merge" >
13-->src\main\AndroidManifest.xml:9:13-31
14            <meta-data
14-->src\main\AndroidManifest.xml:11:13-14:19
15                android:name="com.nfirex.impl.ModuleInitializer"
15-->src\main\AndroidManifest.xml:12:17-65
16                android:value="androidx.startup" />
16-->src\main\AndroidManifest.xml:13:17-49
17        </provider>
18    </application>
19
20</manifest>